<?xml version="1.0" encoding="UTF-8"?>
<!-- Generated by org.testng.reporters.JUnitXMLReporter -->
<testsuite hostname="PL1SEGOT0002NB" ignored="0" name="Test" tests="4" failures="0" timestamp="22 feb 2018 21:05:34 GMT" time="12.741" errors="0">
  <testcase name="testcase3" time="3.591" classname="testcases.TestCase3"/>
  <testcase name="testcase4" time="3.104" classname="testcases.TestCase4"/>
  <testcase name="testcase1" time="3.046" classname="testcases.TestCase1"/>
  <testcase name="testcase2" time="2.985" classname="testcases.TestCase2"/>
</testsuite> <!-- Test -->
