<?xml version="1.0" encoding="UTF-8"?>
<!-- Generated by org.testng.reporters.JUnitXMLReporter -->
<testsuite hostname="PL1SEGOT0002NB" ignored="0" name="Default test" tests="4" failures="0" timestamp="22 feb 2018 20:48:35 GMT" time="12.635" errors="0">
  <testcase name="testcase1" time="3.575" classname="testcases.TestCase4"/>
  <testcase name="testcase1" time="3.013" classname="testcases.TestCase3"/>
  <testcase name="testcase1" time="3.047" classname="testcases.TestCase2"/>
  <testcase name="testcase1" time="2.979" classname="testcases.TestCase1"/>
</testsuite> <!-- Default test -->
